CRITICAL - 2024-07-16 19:12:25 --> Error: Class "App\Controllers\DOMDocument" not found
in APPPATH\Controllers\Crawler.php on line 20.
 1 SYSTEMPATH\CodeIgniter.php(941): App\Controllers\Crawler->index()
 2 SYSTEMPATH\CodeIgniter.php(502): CodeIgniter\CodeIgniter->runController(Object(App\Controllers\Crawler))
 3 SYSTEMPATH\CodeIgniter.php(361): CodeIgniter\CodeIgniter->handleRequest(null, Object(Config\Cache), false)
 4 FCPATH\index.php(79): CodeIgniter\CodeIgniter->run()
 5 SYSTEMPATH\Commands\Server\rewrite.php(47): require_once('C:\\xampp\\htdocs\\web_crawler\\public\\index.php')
CRITICAL - 2024-07-16 19:12:35 --> Error: Class "App\Controllers\DOMDocument" not found
in APPPATH\Controllers\Crawler.php on line 20.
 1 SYSTEMPATH\CodeIgniter.php(941): App\Controllers\Crawler->index()
 2 SYSTEMPATH\CodeIgniter.php(502): CodeIgniter\CodeIgniter->runController(Object(App\Controllers\Crawler))
 3 SYSTEMPATH\CodeIgniter.php(361): CodeIgniter\CodeIgniter->handleRequest(null, Object(Config\Cache), false)
 4 FCPATH\index.php(79): CodeIgniter\CodeIgniter->run()
 5 SYSTEMPATH\Commands\Server\rewrite.php(47): require_once('C:\\xampp\\htdocs\\web_crawler\\public\\index.php')
CRITICAL - 2024-07-16 19:16:32 --> Error: Class "App\Controllers\DOMDocument" not found
in APPPATH\Controllers\Crawler.php on line 20.
 1 SYSTEMPATH\CodeIgniter.php(941): App\Controllers\Crawler->index()
 2 SYSTEMPATH\CodeIgniter.php(502): CodeIgniter\CodeIgniter->runController(Object(App\Controllers\Crawler))
 3 SYSTEMPATH\CodeIgniter.php(361): CodeIgniter\CodeIgniter->handleRequest(null, Object(Config\Cache), false)
 4 FCPATH\index.php(79): CodeIgniter\CodeIgniter->run()
 5 SYSTEMPATH\Commands\Server\rewrite.php(47): require_once('C:\\xampp\\htdocs\\web_crawler\\public\\index.php')
